<?xml version="1.0" encoding="UTF-8"?>
<testng-results ignored="0" total="1" passed="1" failed="0" skipped="0">
  <reporter-output>
  </reporter-output>
  <suite started-at="2024-09-05T21:18:20 IST" name="Suite" finished-at="2024-09-05T21:18:32 IST" duration-ms="11830">
    <groups>
    </groups>
    <test started-at="2024-09-05T21:18:20 IST" name="Test" finished-at="2024-09-05T21:18:32 IST" duration-ms="11830">
      <class name="Test_case_file.Testcase">
        <test-method is-config="true" signature="browserLaunch()[pri:0, instance:Test_case_file.Testcase@304bb45b]" started-at="2024-09-05T21:18:20 IST" name="browserLaunch" finished-at="2024-09-05T21:18:21 IST" duration-ms="1472" status="PASS">
          <reporter-output>
          </reporter-output>
        </test-method> <!-- browserLaunch -->
        <test-method signature="test()[pri:0, instance:Test_case_file.Testcase@304bb45b]" started-at="2024-09-05T21:18:21 IST" name="test" finished-at="2024-09-05T21:18:32 IST" duration-ms="10319" status="PASS">
          <reporter-output>
          </reporter-output>
        </test-method> <!-- test -->
      </class> <!-- Test_case_file.Testcase -->
    </test> <!-- Test -->
  </suite> <!-- Suite -->
</testng-results>
